<?xml version="1.0" encoding="UTF-8"?>
<testsuite xmlns:xsi="http://www.w3.org/2001/XMLSchema-instance" xsi:noNamespaceSchemaLocation="https://maven.apache.org/surefire/maven-surefire-plugin/xsd/surefire-test-report-3.0.xsd" version="3.0" name="LanzadorTest" time="0.215" tests="1" errors="0" skipped="0" failures="1">
  <properties>
    <property name="java.specification.version" value="24"/>
    <property name="sun.cpu.isalist" value="amd64"/>
    <property name="sun.jnu.encoding" value="Cp1252"/>
    <property name="java.class.path" value="C:\Users\rocke\Documents\Académico\TrabajoPSP\proceso\target\test-classes;C:\Users\rocke\Documents\Académico\TrabajoPSP\proceso\target\classes;C:\Users\rocke\.m2\repository\org\junit\jupiter\junit-jupiter\5.10.0\junit-jupiter-5.10.0.jar;C:\Users\rocke\.m2\repository\org\junit\jupiter\junit-jupiter-api\5.10.0\junit-jupiter-api-5.10.0.jar;C:\Users\rocke\.m2\repository\org\opentest4j\opentest4j\1.3.0\opentest4j-1.3.0.jar;C:\Users\rocke\.m2\repository\org\junit\platform\junit-platform-commons\1.10.0\junit-platform-commons-1.10.0.jar;C:\Users\rocke\.m2\repository\org\apiguardian\apiguardian-api\1.1.2\apiguardian-api-1.1.2.jar;C:\Users\rocke\.m2\repository\org\junit\jupiter\junit-jupiter-params\5.10.0\junit-jupiter-params-5.10.0.jar;C:\Users\rocke\.m2\repository\org\junit\jupiter\junit-jupiter-engine\5.10.0\junit-jupiter-engine-5.10.0.jar;C:\Users\rocke\.m2\repository\org\junit\platform\junit-platform-engine\1.10.0\junit-platform-engine-1.10.0.jar;"/>
    <property name="java.vm.vendor" value="Oracle Corporation"/>
    <property name="sun.arch.data.model" value="64"/>
    <property name="user.variant" value=""/>
    <property name="java.vendor.url" value="https://java.oracle.com/"/>
    <property name="user.timezone" value="Europe/Berlin"/>
    <property name="os.name" value="Windows 10"/>
    <property name="java.vm.specification.version" value="24"/>
    <property name="user.country" value="ES"/>
    <property name="sun.java.launcher" value="SUN_STANDARD"/>
    <property name="sun.boot.library.path" value="C:\OpenJDK-24\bin"/>
    <property name="sun.java.command" value="C:\Users\rocke\AppData\Local\Temp\surefire16417386007778736220\surefirebooter-20251019133134454_3.jar C:\Users\rocke\AppData\Local\Temp\surefire16417386007778736220 2025-10-19T13-31-34_317-jvmRun1 surefire-20251019133134454_1tmp surefire_0-20251019133134454_2tmp"/>
    <property name="jdk.debug" value="release"/>
    <property name="test" value="LanzadorTest#testEjecutaLsYGrepCorrectamente"/>
    <property name="surefire.test.class.path" value="C:\Users\rocke\Documents\Académico\TrabajoPSP\proceso\target\test-classes;C:\Users\rocke\Documents\Académico\TrabajoPSP\proceso\target\classes;C:\Users\rocke\.m2\repository\org\junit\jupiter\junit-jupiter\5.10.0\junit-jupiter-5.10.0.jar;C:\Users\rocke\.m2\repository\org\junit\jupiter\junit-jupiter-api\5.10.0\junit-jupiter-api-5.10.0.jar;C:\Users\rocke\.m2\repository\org\opentest4j\opentest4j\1.3.0\opentest4j-1.3.0.jar;C:\Users\rocke\.m2\repository\org\junit\platform\junit-platform-commons\1.10.0\junit-platform-commons-1.10.0.jar;C:\Users\rocke\.m2\repository\org\apiguardian\apiguardian-api\1.1.2\apiguardian-api-1.1.2.jar;C:\Users\rocke\.m2\repository\org\junit\jupiter\junit-jupiter-params\5.10.0\junit-jupiter-params-5.10.0.jar;C:\Users\rocke\.m2\repository\org\junit\jupiter\junit-jupiter-engine\5.10.0\junit-jupiter-engine-5.10.0.jar;C:\Users\rocke\.m2\repository\org\junit\platform\junit-platform-engine\1.10.0\junit-platform-engine-1.10.0.jar;"/>
    <property name="sun.cpu.endian" value="little"/>
    <property name="user.home" value="C:\Users\rocke"/>
    <property name="user.language" value="es"/>
    <property name="java.specification.vendor" value="Oracle Corporation"/>
    <property name="java.version.date" value="2025-03-18"/>
    <property name="java.home" value="C:\OpenJDK-24"/>
    <property name="file.separator" value="\"/>
    <property name="basedir" value="C:\Users\rocke\Documents\Académico\TrabajoPSP\proceso"/>
    <property name="java.vm.compressedOopsMode" value="Zero based"/>
    <property name="line.separator" value="&#10;"/>
    <property name="java.vm.specification.vendor" value="Oracle Corporation"/>
    <property name="java.specification.name" value="Java Platform API Specification"/>
    <property name="surefire.real.class.path" value="C:\Users\rocke\AppData\Local\Temp\surefire16417386007778736220\surefirebooter-20251019133134454_3.jar"/>
    <property name="user.script" value=""/>
    <property name="sun.management.compiler" value="HotSpot 64-Bit Tiered Compilers"/>
    <property name="java.runtime.version" value="24+36-3646"/>
    <property name="user.name" value="rocke"/>
    <property name="stdout.encoding" value="Cp1252"/>
    <property name="path.separator" value=";"/>
    <property name="os.version" value="10.0"/>
    <property name="java.runtime.name" value="OpenJDK Runtime Environment"/>
    <property name="file.encoding" value="UTF-8"/>
    <property name="java.vm.name" value="OpenJDK 64-Bit Server VM"/>
    <property name="maven.ext.class.path" value="C:\Users\rocke\.vscode\extensions\oracle.oracle-java-24.1.2\nbcode\java\maven-nblib\netbeans-eventspy.jar"/>
    <property name="localRepository" value="C:\Users\rocke\.m2\repository"/>
    <property name="java.vendor.url.bug" value="https://bugreport.java.com/bugreport/"/>
    <property name="java.io.tmpdir" value="C:\Users\rocke\AppData\Local\Temp\"/>
    <property name="java.version" value="24"/>
    <property name="user.dir" value="C:\Users\rocke\Documents\Académico\TrabajoPSP\proceso"/>
    <property name="os.arch" value="amd64"/>
    <property name="java.vm.specification.name" value="Java Virtual Machine Specification"/>
    <property name="sun.os.patch.level" value=""/>
    <property name="native.encoding" value="Cp1252"/>
    <property name="java.library.path" value="C:\OpenJDK-24\bin;C:\Windows\Sun\Java\bin;C:\Windows\system32;C:\Windows;C:\Program Files\Eclipse Adoptium\jdk-21.0.6.7-hotspot\bin;C:\Windows\system32;C:\Windows;C:\Windows\System32\Wbem;C:\Windows\System32\WindowsPowerShell\v1.0\;C:\Windows\System32\OpenSSH\;C:\Program Files\Git\cmd;C:\Users\rocke\AppData\Local\Microsoft\WindowsApps;C:\Users\rocke\AppData\Local\Programs\Microsoft VS Code\bin;."/>
    <property name="java.vm.info" value="mixed mode, sharing"/>
    <property name="stderr.encoding" value="Cp1252"/>
    <property name="java.vendor" value="Oracle Corporation"/>
    <property name="java.vm.version" value="24+36-3646"/>
    <property name="sun.io.unicode.encoding" value="UnicodeLittle"/>
    <property name="java.class.version" value="68.0"/>
  </properties>
  <testcase name="testEjecutaLsYGrepCorrectamente" classname="LanzadorTest" time="0.175">
    <failure message="El proceso debería finalizar con código 0 ==&gt; expected: &lt;0&gt; but was: &lt;1&gt;" type="org.opentest4j.AssertionFailedError"><![CDATA[org.opentest4j.AssertionFailedError: El proceso debería finalizar con código 0 ==> expected: <0> but was: <1>
	at org.junit.jupiter.api.AssertionFailureBuilder.build(AssertionFailureBuilder.java:151)
	at org.junit.jupiter.api.AssertionFailureBuilder.buildAndThrow(AssertionFailureBuilder.java:132)
	at org.junit.jupiter.api.AssertEquals.failNotEqual(AssertEquals.java:197)
	at org.junit.jupiter.api.AssertEquals.assertEquals(AssertEquals.java:150)
	at org.junit.jupiter.api.Assertions.assertEquals(Assertions.java:559)
	at LanzadorTest.testEjecutaLsYGrepCorrectamente(LanzadorTest.java:33)
	at java.base/java.lang.reflect.Method.invoke(Method.java:565)
	at java.base/java.util.ArrayList.forEach(ArrayList.java:1604)
	at java.base/java.util.ArrayList.forEach(ArrayList.java:1604)
]]></failure>
  </testcase>
</testsuite>